# JRE version: OpenJDK Runtime Environment Temurin-21.0.12.1+1 (21.0.12.1+1) (build 21.0.12.1+1-LTS)
# Java VM: OpenJDK 64-Bit Server VM Temurin-21.0.12.1+1 (21.0.12.1+1-LTS, mixed mode, sharing, tiered, compressed oops, compressed class ptrs, parallel gc, windows-amd64)
GC Precious Log:
 CardTable entry size: 512
 CPUs: 8 total, 8 available
 Memory: 7975M
 Large Page Support: Disabled
 NUMA Support: Disabled
 Compressed Oops: Enabled (32-bit)
 Alignments: Space 512K, Generation 512K, Heap 2M
 Heap Min Capacity: 100M
 Heap Initial Capacity: 100M
 Heap Max Capacity: 1G
 Pre-touch: Disabled
 Parallel Workers: 8
Heap:
 PSYoungGen      total 17920K, used 3716K [0x00000000eab00000, 0x00000000ec100000, 0x0000000100000000)
  eden space 17408K, 18% used [0x00000000eab00000,0x00000000eae23088,0x00000000ebc00000)
  from space 512K, 98% used [0x00000000ec080000,0x00000000ec0fe158,0x00000000ec100000)
  to   space 2560K, 0% used [0x00000000ebc00000,0x00000000ebc00000,0x00000000ebe80000)
 ParOldGen       total 68608K, used 52082K [0x00000000c0000000, 0x00000000c4300000, 0x00000000eab00000)
  object space 68608K, 75% used [0x00000000c0000000,0x00000000c32dcb00,0x00000000c4300000)
 Metaspace       used 57644K, committed 58944K, reserved 1114112K
  class space    used 6088K, committed 6656K, reserved 1048576K
GC Heap History (20 events):
Event: 97.590 GC heap before
{Heap before GC invocations=27 (full 2):
 PSYoungGen      total 24064K, used 23568K [0x00000000eab00000, 0x00000000ec580000, 0x0000000100000000)
  eden space 20992K, 100% used [0x00000000eab00000,0x00000000ebf80000,0x00000000ebf80000)
  from space 3072K, 83% used [0x00000000ec280000,0x00000000ec504010,0x00000000ec580000)
  to   space 3072K, 0% used [0x00000000ebf80000,0x00000000ebf80000,0x00000000ec280000)
 ParOldGen       total 68608K, used 35824K [0x00000000c0000000, 0x00000000c4300000, 0x00000000eab00000)
  object space 68608K, 52% used [0x00000000c0000000,0x00000000c22fc038,0x00000000c4300000)
 Metaspace       used 49347K, committed 50432K, reserved 1114112K
  class space    used 5356K, committed 5824K, reserved 1048576K
}
Event: 97.603 GC heap after
{Heap after GC invocations=27 (full 2):
 PSYoungGen      total 23552K, used 2131K [0x00000000eab00000, 0x00000000ec480000, 0x0000000100000000)
  eden space 20992K, 0% used [0x00000000eab00000,0x00000000eab00000,0x00000000ebf80000)
  from space 2560K, 83% used [0x00000000ebf80000,0x00000000ec194e90,0x00000000ec200000)
  to   space 2560K, 0% used [0x00000000ec200000,0x00000000ec200000,0x00000000ec480000)
 ParOldGen       total 68608K, used 38220K [0x00000000c0000000, 0x00000000c4300000, 0x00000000eab00000)
  object space 68608K, 55% used [0x00000000c0000000,0x00000000c2553268,0x00000000c4300000)
 Metaspace       used 49347K, committed 50432K, reserved 1114112K
  class space    used 5356K, committed 5824K, reserved 1048576K
}
Event: 101.043 GC heap before
{Heap before GC invocations=28 (full 2):
 PSYoungGen      total 23552K, used 23123K [0x00000000eab00000, 0x00000000ec480000, 0x0000000100000000)
  eden space 20992K, 100% used [0x00000000eab00000,0x00000000ebf80000,0x00000000ebf80000)
  from space 2560K, 83% used [0x00000000ebf80000,0x00000000ec194e90,0x00000000ec200000)
  to   space 2560K, 0% used [0x00000000ec200000,0x00000000ec200000,0x00000000ec480000)
 ParOldGen       total 68608K, used 38220K [0x00000000c0000000, 0x00000000c4300000, 0x00000000eab00000)
  object space 68608K, 55% used [0x00000000c0000000,0x00000000c2553268,0x00000000c4300000)
 Metaspace       used 51151K, committed 52288K, reserved 1114112K
  class space    used 5555K, committed 6016K, reserved 1048576K
}
Event: 101.051 GC heap after
{Heap after GC invocations=28 (full 2):
 PSYoungGen      total 22528K, used 1114K [0x00000000eab00000, 0x00000000ec380000, 0x0000000100000000)
  eden space 20992K, 0% used [0x00000000eab00000,0x00000000eab00000,0x00000000ebf80000)
  from space 1536K, 72% used [0x00000000ec200000,0x00000000ec3168e8,0x00000000ec380000)
  to   space 1536K, 0% used [0x00000000ec080000,0x00000000ec080000,0x00000000ec200000)
 ParOldGen       total 68608K, used 39324K [0x00000000c0000000, 0x00000000c4300000, 0x00000000eab00000)
  object space 68608K, 57% used [0x00000000c0000000,0x00000000c2667288,0x00000000c4300000)
 Metaspace       used 51151K, committed 52288K, reserved 1114112K
  class space    used 5555K, committed 6016K, reserved 1048576K
}
Event: 103.219 GC heap before
{Heap before GC invocations=29 (full 2):
 PSYoungGen      total 22528K, used 22106K [0x00000000eab00000, 0x00000000ec380000, 0x0000000100000000)
  eden space 20992K, 100% used [0x00000000eab00000,0x00000000ebf80000,0x00000000ebf80000)
  from space 1536K, 72% used [0x00000000ec200000,0x00000000ec3168e8,0x00000000ec380000)
  to   space 1536K, 0% used [0x00000000ec080000,0x00000000ec080000,0x00000000ec200000)
 ParOldGen       total 68608K, used 39324K [0x00000000c0000000, 0x00000000c4300000, 0x00000000eab00000)
  object space 68608K, 57% used [0x00000000c0000000,0x00000000c2667288,0x00000000c4300000)
 Metaspace       used 52793K, committed 53952K, reserved 1114112K
  class space    used 5708K, committed 6208K, reserved 1048576K
}
Event: 103.229 GC heap after
{Heap after GC invocations=29 (full 2):
 PSYoungGen      total 22016K, used 779K [0x00000000eab00000, 0x00000000ec280000, 0x0000000100000000)
  eden space 20992K, 0% used [0x00000000eab00000,0x00000000eab00000,0x00000000ebf80000)
  from space 1024K, 76% used [0x00000000ec080000,0x00000000ec142e58,0x00000000ec180000)
  to   space 1024K, 0% used [0x00000000ec180000,0x00000000ec180000,0x00000000ec280000)
 ParOldGen       total 68608K, used 40268K [0x00000000c0000000, 0x00000000c4300000, 0x00000000eab00000)
  object space 68608K, 58% used [0x00000000c0000000,0x00000000c2753010,0x00000000c4300000)
 Metaspace       used 52793K, committed 53952K, reserved 1114112K
  class space    used 5708K, committed 6208K, reserved 1048576K
}
Event: 106.669 GC heap before
{Heap before GC invocations=30 (full 2):
 PSYoungGen      total 22016K, used 21771K [0x00000000eab00000, 0x00000000ec280000, 0x0000000100000000)
  eden space 20992K, 100% used [0x00000000eab00000,0x00000000ebf80000,0x00000000ebf80000)
  from space 1024K, 76% used [0x00000000ec080000,0x00000000ec142e58,0x00000000ec180000)
  to   space 1024K, 0% used [0x00000000ec180000,0x00000000ec180000,0x00000000ec280000)
 ParOldGen       total 68608K, used 40268K [0x00000000c0000000, 0x00000000c4300000, 0x00000000eab00000)
  object space 68608K, 58% used [0x00000000c0000000,0x00000000c2753010,0x00000000c4300000)
 Metaspace       used 54830K, committed 56064K, reserved 1114112K
  class space    used 5911K, committed 6464K, reserved 1048576K
}
Event: 106.677 GC heap after
{Heap after GC invocations=30 (full 2):
 PSYoungGen      total 18432K, used 1015K [0x00000000eab00000, 0x00000000eca80000, 0x0000000100000000)
  eden space 17408K, 0% used [0x00000000eab00000,0x00000000eab00000,0x00000000ebc00000)
  from space 1024K, 99% used [0x00000000ec180000,0x00000000ec27dd70,0x00000000ec280000)
  to   space 5632K, 0% used [0x00000000ebc00000,0x00000000ebc00000,0x00000000ec180000)
 ParOldGen       total 68608K, used 43802K [0x00000000c0000000, 0x00000000c4300000, 0x00000000eab00000)
  object space 68608K, 63% used [0x00000000c0000000,0x00000000c2ac6858,0x00000000c4300000)
 Metaspace       used 54830K, committed 56064K, reserved 1114112K
  class space    used 5911K, committed 6464K, reserved 1048576K
}
Event: 110.835 GC heap before
{Heap before GC invocations=31 (full 2):
 PSYoungGen      total 18432K, used 18423K [0x00000000eab00000, 0x00000000eca80000, 0x0000000100000000)
  eden space 17408K, 100% used [0x00000000eab00000,0x00000000ebc00000,0x00000000ebc00000)
  from space 1024K, 99% used [0x00000000ec180000,0x00000000ec27dd70,0x00000000ec280000)
  to   space 5632K, 0% used [0x00000000ebc00000,0x00000000ebc00000,0x00000000ec180000)
 ParOldGen       total 68608K, used 43802K [0x00000000c0000000, 0x00000000c4300000, 0x00000000eab00000)
  object space 68608K, 63% used [0x00000000c0000000,0x00000000c2ac6858,0x00000000c4300000)
 Metaspace       used 55696K, committed 56896K, reserved 1114112K
  class space    used 5943K, committed 6464K, reserved 1048576K
}
Event: 110.841 GC heap after
{Heap after GC invocations=31 (full 2):
 PSYoungGen      total 19456K, used 1803K [0x00000000eab00000, 0x00000000ec200000, 0x0000000100000000)
  eden space 17408K, 0% used [0x00000000eab00000,0x00000000eab00000,0x00000000ebc00000)
  from space 2048K, 88% used [0x00000000ebc00000,0x00000000ebdc2c38,0x00000000ebe00000)
  to   space 3072K, 0% used [0x00000000ebf00000,0x00000000ebf00000,0x00000000ec200000)
 ParOldGen       total 68608K, used 44841K [0x00000000c0000000, 0x00000000c4300000, 0x00000000eab00000)
  object space 68608K, 65% used [0x00000000c0000000,0x00000000c2bca470,0x00000000c4300000)
 Metaspace       used 55696K, committed 56896K, reserved 1114112K
  class space    used 5943K, committed 6464K, reserved 1048576K
}
Event: 112.730 GC heap before
{Heap before GC invocations=32 (full 2):
 PSYoungGen      total 19456K, used 19211K [0x00000000eab00000, 0x00000000ec200000, 0x0000000100000000)
  eden space 17408K, 100% used [0x00000000eab00000,0x00000000ebc00000,0x00000000ebc00000)
  from space 2048K, 88% used [0x00000000ebc00000,0x00000000ebdc2c38,0x00000000ebe00000)
  to   space 3072K, 0% used [0x00000000ebf00000,0x00000000ebf00000,0x00000000ec200000)
 ParOldGen       total 68608K, used 44841K [0x00000000c0000000, 0x00000000c4300000, 0x00000000eab00000)
  object space 68608K, 65% used [0x00000000c0000000,0x00000000c2bca470,0x00000000c4300000)
 Metaspace       used 56061K, committed 57408K, reserved 1114112K
  class space    used 5949K, committed 6528K, reserved 1048576K
}
Event: 112.736 GC heap after
{Heap after GC invocations=32 (full 2):
 PSYoungGen      total 18944K, used 1439K [0x00000000eab00000, 0x00000000ec080000, 0x0000000100000000)
  eden space 17408K, 0% used [0x00000000eab00000,0x00000000eab00000,0x00000000ebc00000)
  from space 1536K, 93% used [0x00000000ebf00000,0x00000000ec067fe0,0x00000000ec080000)
  to   space 2048K, 0% used [0x00000000ebc80000,0x00000000ebc80000,0x00000000ebe80000)
 ParOldGen       total 68608K, used 46444K [0x00000000c0000000, 0x00000000c4300000, 0x00000000eab00000)
  object space 68608K, 67% used [0x00000000c0000000,0x00000000c2d5b270,0x00000000c4300000)
 Metaspace       used 56061K, committed 57408K, reserved 1114112K
  class space    used 5949K, committed 6528K, reserved 1048576K
}
Event: 115.954 GC heap before
{Heap before GC invocations=33 (full 2):
 PSYoungGen      total 18944K, used 18833K [0x00000000eab00000, 0x00000000ec080000, 0x0000000100000000)
  eden space 17408K, 99% used [0x00000000eab00000,0x00000000ebbfc720,0x00000000ebc00000)
  from space 1536K, 93% used [0x00000000ebf00000,0x00000000ec067fe0,0x00000000ec080000)
  to   space 2048K, 0% used [0x00000000ebc80000,0x00000000ebc80000,0x00000000ebe80000)
 ParOldGen       total 68608K, used 46444K [0x00000000c0000000, 0x00000000c4300000, 0x00000000eab00000)
  object space 68608K, 67% used [0x00000000c0000000,0x00000000c2d5b270,0x00000000c4300000)
 Metaspace       used 56824K, committed 58048K, reserved 1114112K
  class space    used 6000K, committed 6528K, reserved 1048576K
}
Event: 115.962 GC heap after
{Heap after GC invocations=33 (full 2):
 PSYoungGen      total 19456K, used 2027K [0x00000000eab00000, 0x00000000ec500000, 0x0000000100000000)
  eden space 17408K, 0% used [0x00000000eab00000,0x00000000eab00000,0x00000000ebc00000)
  from space 2048K, 99% used [0x00000000ebc80000,0x00000000ebe7af60,0x00000000ebe80000)
  to   space 4608K, 0% used [0x00000000ec080000,0x00000000ec080000,0x00000000ec500000)
 ParOldGen       total 68608K, used 48540K [0x00000000c0000000, 0x00000000c4300000, 0x00000000eab00000)
  object space 68608K, 70% used [0x00000000c0000000,0x00000000c2f67238,0x00000000c4300000)
 Metaspace       used 56824K, committed 58048K, reserved 1114112K
  class space    used 6000K, committed 6528K, reserved 1048576K
}
Event: 130.420 GC heap before
{Heap before GC invocations=34 (full 2):
 PSYoungGen      total 19456K, used 19435K [0x00000000eab00000, 0x00000000ec500000, 0x0000000100000000)
  eden space 17408K, 100% used [0x00000000eab00000,0x00000000ebc00000,0x00000000ebc00000)
  from space 2048K, 99% used [0x00000000ebc80000,0x00000000ebe7af60,0x00000000ebe80000)
  to   space 4608K, 0% used [0x00000000ec080000,0x00000000ec080000,0x00000000ec500000)
 ParOldGen       total 68608K, used 48540K [0x00000000c0000000, 0x00000000c4300000, 0x00000000eab00000)
  object space 68608K, 70% used [0x00000000c0000000,0x00000000c2f67238,0x00000000c4300000)
 Metaspace       used 56952K, committed 58176K, reserved 1114112K
  class space    used 6007K, committed 6528K, reserved 1048576K
}
Event: 130.428 GC heap after
{Heap after GC invocations=34 (full 2):
 PSYoungGen      total 17920K, used 224K [0x00000000eab00000, 0x00000000ec100000, 0x0000000100000000)
  eden space 17408K, 0% used [0x00000000eab00000,0x00000000eab00000,0x00000000ebc00000)
  from space 512K, 43% used [0x00000000ec080000,0x00000000ec0b8000,0x00000000ec100000)
  to   space 2048K, 0% used [0x00000000ebd00000,0x00000000ebd00000,0x00000000ebf00000)
 ParOldGen       total 68608K, used 50539K [0x00000000c0000000, 0x00000000c4300000, 0x00000000eab00000)
  object space 68608K, 73% used [0x00000000c0000000,0x00000000c315ad30,0x00000000c4300000)
 Metaspace       used 56952K, committed 58176K, reserved 1114112K
  class space    used 6007K, committed 6528K, reserved 1048576K
}
Event: 132.434 GC heap before
{Heap before GC invocations=35 (full 2):
 PSYoungGen      total 17920K, used 17632K [0x00000000eab00000, 0x00000000ec100000, 0x0000000100000000)
  eden space 17408K, 100% used [0x00000000eab00000,0x00000000ebc00000,0x00000000ebc00000)
  from space 512K, 43% used [0x00000000ec080000,0x00000000ec0b8000,0x00000000ec100000)
  to   space 2048K, 0% used [0x00000000ebd00000,0x00000000ebd00000,0x00000000ebf00000)
 ParOldGen       total 68608K, used 50539K [0x00000000c0000000, 0x00000000c4300000, 0x00000000eab00000)
  object space 68608K, 73% used [0x00000000c0000000,0x00000000c315ad30,0x00000000c4300000)
 Metaspace       used 56953K, committed 58176K, reserved 1114112K
  class space    used 6007K, committed 6528K, reserved 1048576K
}
Event: 132.436 GC heap after
{Heap after GC invocations=35 (full 2):
 PSYoungGen      total 19456K, used 192K [0x00000000eab00000, 0x00000000ec100000, 0x0000000100000000)
  eden space 17408K, 0% used [0x00000000eab00000,0x00000000eab00000,0x00000000ebc00000)
  from space 2048K, 9% used [0x00000000ebd00000,0x00000000ebd30000,0x00000000ebf00000)
  to   space 512K, 0% used [0x00000000ec080000,0x00000000ec080000,0x00000000ec100000)
 ParOldGen       total 68608K, used 50595K [0x00000000c0000000, 0x00000000c4300000, 0x00000000eab00000)
  object space 68608K, 73% used [0x00000000c0000000,0x00000000c3168d30,0x00000000c4300000)
 Metaspace       used 56953K, committed 58176K, reserved 1114112K
  class space    used 6007K, committed 6528K, reserved 1048576K
}
Event: 157.237 GC heap before
{Heap before GC invocations=36 (full 2):
 PSYoungGen      total 19456K, used 17600K [0x00000000eab00000, 0x00000000ec100000, 0x0000000100000000)
  eden space 17408K, 100% used [0x00000000eab00000,0x00000000ebc00000,0x00000000ebc00000)
  from space 2048K, 9% used [0x00000000ebd00000,0x00000000ebd30000,0x00000000ebf00000)
  to   space 512K, 0% used [0x00000000ec080000,0x00000000ec080000,0x00000000ec100000)
 ParOldGen       total 68608K, used 50595K [0x00000000c0000000, 0x00000000c4300000, 0x00000000eab00000)
  object space 68608K, 73% used [0x00000000c0000000,0x00000000c3168d30,0x00000000c4300000)
 Metaspace       used 57536K, committed 58880K, reserved 1114112K
  class space    used 6073K, committed 6656K, reserved 1048576K
}
Event: 157.273 GC heap after
{Heap after GC invocations=36 (full 2):
 PSYoungGen      total 17920K, used 504K [0x00000000eab00000, 0x00000000ec100000, 0x0000000100000000)
  eden space 17408K, 0% used [0x00000000eab00000,0x00000000eab00000,0x00000000ebc00000)
  from space 512K, 98% used [0x00000000ec080000,0x00000000ec0fe158,0x00000000ec100000)
  to   space 2560K, 0% used [0x00000000ebc00000,0x00000000ebc00000,0x00000000ebe80000)
 ParOldGen       total 68608K, used 52082K [0x00000000c0000000, 0x00000000c4300000, 0x00000000eab00000)
  object space 68608K, 75% used [0x00000000c0000000,0x00000000c32dcb00,0x00000000c4300000)
 Metaspace       used 57536K, committed 58880K, reserved 1114112K
  class space    used 6073K, committed 6656K, reserved 1048576K
}

