# JRE version: OpenJDK Runtime Environment Temurin-21.0.12.1+1 (21.0.12.1+1) (build 21.0.12.1+1-LTS)
# Java VM: OpenJDK 64-Bit Server VM Temurin-21.0.12.1+1 (21.0.12.1+1-LTS, mixed mode, sharing, tiered, compressed oops, compressed class ptrs, parallel gc, windows-amd64)
GC Precious Log:
 CardTable entry size: 512
 CPUs: 8 total, 8 available
 Memory: 7975M
 Large Page Support: Disabled
 NUMA Support: Disabled
 Compressed Oops: Enabled (32-bit)
 Alignments: Space 512K, Generation 512K, Heap 2M
 Heap Min Capacity: 100M
 Heap Initial Capacity: 100M
 Heap Max Capacity: 1G
 Pre-touch: Disabled
 Parallel Workers: 8
Heap:
 PSYoungGen      total 2560K, used 2090K [0x00000000eab00000, 0x00000000eaf80000, 0x0000000100000000)
  eden space 2048K, 89% used [0x00000000eab00000,0x00000000eacca9a0,0x00000000ead00000)
  from space 512K, 50% used [0x00000000eaf00000,0x00000000eaf40000,0x00000000eaf80000)
  to   space 512K, 0% used [0x00000000eae80000,0x00000000eae80000,0x00000000eaf00000)
 ParOldGen       total 176640K, used 176555K [0x00000000c0000000, 0x00000000cac80000, 0x00000000eab00000)
  object space 176640K, 99% used [0x00000000c0000000,0x00000000cac6ac10,0x00000000cac80000)
 Metaspace       used 69369K, committed 70720K, reserved 1114112K
  class space    used 7132K, committed 7808K, reserved 1048576K
GC Heap History (20 events):
Event: 5243.689 GC heap before
{Heap before GC invocations=621 (full 4):
 PSYoungGen      total 3072K, used 2613K [0x00000000eab00000, 0x00000000eaf00000, 0x0000000100000000)
  eden space 2048K, 99% used [0x00000000eab00000,0x00000000eacfffd8,0x00000000ead00000)
  from space 1024K, 55% used [0x00000000eae00000,0x00000000eae8d588,0x00000000eaf00000)
  to   space 1024K, 0% used [0x00000000ead00000,0x00000000ead00000,0x00000000eae00000)
 ParOldGen       total 172032K, used 171918K [0x00000000c0000000, 0x00000000ca800000, 0x00000000eab00000)
  object space 172032K, 99% used [0x00000000c0000000,0x00000000ca7e3b88,0x00000000ca800000)
 Metaspace       used 69052K, committed 70528K, reserved 1114112K
  class space    used 7076K, committed 7808K, reserved 1048576K
}
Event: 5243.692 GC heap after
{Heap after GC invocations=621 (full 4):
 PSYoungGen      total 3072K, used 1002K [0x00000000eab00000, 0x00000000eb100000, 0x0000000100000000)
  eden space 2048K, 0% used [0x00000000eab00000,0x00000000eab00000,0x00000000ead00000)
  from space 1024K, 97% used [0x00000000ead00000,0x00000000eadfab18,0x00000000eae00000)
  to   space 2048K, 0% used [0x00000000eaf00000,0x00000000eaf00000,0x00000000eb100000)
 ParOldGen       total 172544K, used 172355K [0x00000000c0000000, 0x00000000ca880000, 0x00000000eab00000)
  object space 172544K, 99% used [0x00000000c0000000,0x00000000ca850f48,0x00000000ca880000)
 Metaspace       used 69052K, committed 70528K, reserved 1114112K
  class space    used 7076K, committed 7808K, reserved 1048576K
}
Event: 5243.895 GC heap before
{Heap before GC invocations=622 (full 4):
 PSYoungGen      total 3072K, used 3050K [0x00000000eab00000, 0x00000000eb100000, 0x0000000100000000)
  eden space 2048K, 100% used [0x00000000eab00000,0x00000000ead00000,0x00000000ead00000)
  from space 1024K, 97% used [0x00000000ead00000,0x00000000eadfab18,0x00000000eae00000)
  to   space 2048K, 0% used [0x00000000eaf00000,0x00000000eaf00000,0x00000000eb100000)
 ParOldGen       total 172544K, used 172355K [0x00000000c0000000, 0x00000000ca880000, 0x00000000eab00000)
  object space 172544K, 99% used [0x00000000c0000000,0x00000000ca850f48,0x00000000ca880000)
 Metaspace       used 69053K, committed 70528K, reserved 1114112K
  class space    used 7076K, committed 7808K, reserved 1048576K
}
Event: 5243.900 GC heap after
{Heap after GC invocations=622 (full 4):
 PSYoungGen      total 3072K, used 704K [0x00000000eab00000, 0x00000000eb000000, 0x0000000100000000)
  eden space 2048K, 0% used [0x00000000eab00000,0x00000000eab00000,0x00000000ead00000)
  from space 1024K, 68% used [0x00000000eaf00000,0x00000000eafb0000,0x00000000eb000000)
  to   space 1024K, 0% used [0x00000000ead00000,0x00000000ead00000,0x00000000eae00000)
 ParOldGen       total 173568K, used 173329K [0x00000000c0000000, 0x00000000ca980000, 0x00000000eab00000)
  object space 173568K, 99% used [0x00000000c0000000,0x00000000ca944568,0x00000000ca980000)
 Metaspace       used 69053K, committed 70528K, reserved 1114112K
  class space    used 7076K, committed 7808K, reserved 1048576K
}
Event: 5243.943 GC heap before
{Heap before GC invocations=623 (full 4):
 PSYoungGen      total 3072K, used 2752K [0x00000000eab00000, 0x00000000eb000000, 0x0000000100000000)
  eden space 2048K, 100% used [0x00000000eab00000,0x00000000ead00000,0x00000000ead00000)
  from space 1024K, 68% used [0x00000000eaf00000,0x00000000eafb0000,0x00000000eb000000)
  to   space 1024K, 0% used [0x00000000ead00000,0x00000000ead00000,0x00000000eae00000)
 ParOldGen       total 173568K, used 173329K [0x00000000c0000000, 0x00000000ca980000, 0x00000000eab00000)
  object space 173568K, 99% used [0x00000000c0000000,0x00000000ca944568,0x00000000ca980000)
 Metaspace       used 69058K, committed 70528K, reserved 1114112K
  class space    used 7076K, committed 7808K, reserved 1048576K
}
Event: 5243.947 GC heap after
{Heap after GC invocations=623 (full 4):
 PSYoungGen      total 3072K, used 997K [0x00000000eab00000, 0x00000000eb100000, 0x0000000100000000)
  eden space 2048K, 0% used [0x00000000eab00000,0x00000000eab00000,0x00000000ead00000)
  from space 1024K, 97% used [0x00000000ead00000,0x00000000eadf9658,0x00000000eae00000)
  to   space 2048K, 0% used [0x00000000eaf00000,0x00000000eaf00000,0x00000000eb100000)
 ParOldGen       total 174080K, used 173993K [0x00000000c0000000, 0x00000000caa00000, 0x00000000eab00000)
  object space 174080K, 99% used [0x00000000c0000000,0x00000000ca9ea568,0x00000000caa00000)
 Metaspace       used 69058K, committed 70528K, reserved 1114112K
  class space    used 7076K, committed 7808K, reserved 1048576K
}
Event: 5243.993 GC heap before
{Heap before GC invocations=624 (full 4):
 PSYoungGen      total 3072K, used 3045K [0x00000000eab00000, 0x00000000eb100000, 0x0000000100000000)
  eden space 2048K, 100% used [0x00000000eab00000,0x00000000ead00000,0x00000000ead00000)
  from space 1024K, 97% used [0x00000000ead00000,0x00000000eadf9658,0x00000000eae00000)
  to   space 2048K, 0% used [0x00000000eaf00000,0x00000000eaf00000,0x00000000eb100000)
 ParOldGen       total 174080K, used 173993K [0x00000000c0000000, 0x00000000caa00000, 0x00000000eab00000)
  object space 174080K, 99% used [0x00000000c0000000,0x00000000ca9ea568,0x00000000caa00000)
 Metaspace       used 69061K, committed 70528K, reserved 1114112K
  class space    used 7076K, committed 7808K, reserved 1048576K
}
Event: 5243.996 GC heap after
{Heap after GC invocations=624 (full 4):
 PSYoungGen      total 3072K, used 682K [0x00000000eab00000, 0x00000000eb000000, 0x0000000100000000)
  eden space 2048K, 0% used [0x00000000eab00000,0x00000000eab00000,0x00000000ead00000)
  from space 1024K, 66% used [0x00000000eaf00000,0x00000000eafaaaf8,0x00000000eb000000)
  to   space 1536K, 0% used [0x00000000ead00000,0x00000000ead00000,0x00000000eae80000)
 ParOldGen       total 175104K, used 174884K [0x00000000c0000000, 0x00000000cab00000, 0x00000000eab00000)
  object space 175104K, 99% used [0x00000000c0000000,0x00000000caac9208,0x00000000cab00000)
 Metaspace       used 69061K, committed 70528K, reserved 1114112K
  class space    used 7076K, committed 7808K, reserved 1048576K
}
Event: 5312.528 GC heap before
{Heap before GC invocations=625 (full 4):
 PSYoungGen      total 3072K, used 2730K [0x00000000eab00000, 0x00000000eb000000, 0x0000000100000000)
  eden space 2048K, 100% used [0x00000000eab00000,0x00000000ead00000,0x00000000ead00000)
  from space 1024K, 66% used [0x00000000eaf00000,0x00000000eafaaaf8,0x00000000eb000000)
  to   space 1536K, 0% used [0x00000000ead00000,0x00000000ead00000,0x00000000eae80000)
 ParOldGen       total 175104K, used 174884K [0x00000000c0000000, 0x00000000cab00000, 0x00000000eab00000)
  object space 175104K, 99% used [0x00000000c0000000,0x00000000caac9208,0x00000000cab00000)
 Metaspace       used 69066K, committed 70528K, reserved 1114112K
  class space    used 7076K, committed 7808K, reserved 1048576K
}
Event: 5312.565 GC heap after
{Heap after GC invocations=625 (full 4):
 PSYoungGen      total 3584K, used 288K [0x00000000eab00000, 0x00000000eaf80000, 0x0000000100000000)
  eden space 2048K, 0% used [0x00000000eab00000,0x00000000eab00000,0x00000000ead00000)
  from space 1536K, 18% used [0x00000000ead00000,0x00000000ead48000,0x00000000eae80000)
  to   space 512K, 0% used [0x00000000eaf00000,0x00000000eaf00000,0x00000000eaf80000)
 ParOldGen       total 175616K, used 175468K [0x00000000c0000000, 0x00000000cab80000, 0x00000000eab00000)
  object space 175616K, 99% used [0x00000000c0000000,0x00000000cab5b308,0x00000000cab80000)
 Metaspace       used 69066K, committed 70528K, reserved 1114112K
  class space    used 7076K, committed 7808K, reserved 1048576K
}
Event: 5337.662 GC heap before
{Heap before GC invocations=626 (full 4):
 PSYoungGen      total 3584K, used 2336K [0x00000000eab00000, 0x00000000eaf80000, 0x0000000100000000)
  eden space 2048K, 100% used [0x00000000eab00000,0x00000000ead00000,0x00000000ead00000)
  from space 1536K, 18% used [0x00000000ead00000,0x00000000ead48000,0x00000000eae80000)
  to   space 512K, 0% used [0x00000000eaf00000,0x00000000eaf00000,0x00000000eaf80000)
 ParOldGen       total 175616K, used 175468K [0x00000000c0000000, 0x00000000cab80000, 0x00000000eab00000)
  object space 175616K, 99% used [0x00000000c0000000,0x00000000cab5b308,0x00000000cab80000)
 Metaspace       used 69080K, committed 70592K, reserved 1114112K
  class space    used 7076K, committed 7808K, reserved 1048576K
}
Event: 5337.672 GC heap after
{Heap after GC invocations=626 (full 4):
 PSYoungGen      total 2560K, used 448K [0x00000000eab00000, 0x00000000eaf80000, 0x0000000100000000)
  eden space 2048K, 0% used [0x00000000eab00000,0x00000000eab00000,0x00000000ead00000)
  from space 512K, 87% used [0x00000000eaf00000,0x00000000eaf70000,0x00000000eaf80000)
  to   space 512K, 0% used [0x00000000eae80000,0x00000000eae80000,0x00000000eaf00000)
 ParOldGen       total 176128K, used 175668K [0x00000000c0000000, 0x00000000cac00000, 0x00000000eab00000)
  object space 176128K, 99% used [0x00000000c0000000,0x00000000cab8d308,0x00000000cac00000)
 Metaspace       used 69080K, committed 70592K, reserved 1114112K
  class space    used 7076K, committed 7808K, reserved 1048576K
}
Event: 5364.558 GC heap before
{Heap before GC invocations=627 (full 4):
 PSYoungGen      total 2560K, used 2495K [0x00000000eab00000, 0x00000000eaf80000, 0x0000000100000000)
  eden space 2048K, 99% used [0x00000000eab00000,0x00000000eacfffd8,0x00000000ead00000)
  from space 512K, 87% used [0x00000000eaf00000,0x00000000eaf70000,0x00000000eaf80000)
  to   space 512K, 0% used [0x00000000eae80000,0x00000000eae80000,0x00000000eaf00000)
 ParOldGen       total 176128K, used 175668K [0x00000000c0000000, 0x00000000cac00000, 0x00000000eab00000)
  object space 176128K, 99% used [0x00000000c0000000,0x00000000cab8d308,0x00000000cac00000)
 Metaspace       used 69130K, committed 70592K, reserved 1114112K
  class space    used 7079K, committed 7808K, reserved 1048576K
}
Event: 5364.580 GC heap after
{Heap after GC invocations=627 (full 4):
 PSYoungGen      total 2560K, used 509K [0x00000000eab00000, 0x00000000eaf80000, 0x0000000100000000)
  eden space 2048K, 0% used [0x00000000eab00000,0x00000000eab00000,0x00000000ead00000)
  from space 512K, 99% used [0x00000000eae80000,0x00000000eaeff588,0x00000000eaf00000)
  to   space 512K, 0% used [0x00000000eaf00000,0x00000000eaf00000,0x00000000eaf80000)
 ParOldGen       total 176128K, used 176023K [0x00000000c0000000, 0x00000000cac00000, 0x00000000eab00000)
  object space 176128K, 99% used [0x00000000c0000000,0x00000000cabe5d00,0x00000000cac00000)
 Metaspace       used 69130K, committed 70592K, reserved 1114112K
  class space    used 7079K, committed 7808K, reserved 1048576K
}
Event: 5364.695 GC heap before
{Heap before GC invocations=628 (full 4):
 PSYoungGen      total 2560K, used 2556K [0x00000000eab00000, 0x00000000eaf80000, 0x0000000100000000)
  eden space 2048K, 99% used [0x00000000eab00000,0x00000000eacffe10,0x00000000ead00000)
  from space 512K, 99% used [0x00000000eae80000,0x00000000eaeff588,0x00000000eaf00000)
  to   space 512K, 0% used [0x00000000eaf00000,0x00000000eaf00000,0x00000000eaf80000)
 ParOldGen       total 176128K, used 176023K [0x00000000c0000000, 0x00000000cac00000, 0x00000000eab00000)
  object space 176128K, 99% used [0x00000000c0000000,0x00000000cabe5d00,0x00000000cac00000)
 Metaspace       used 69156K, committed 70592K, reserved 1114112K
  class space    used 7080K, committed 7808K, reserved 1048576K
}
Event: 5364.697 GC heap after
{Heap after GC invocations=628 (full 4):
 PSYoungGen      total 2560K, used 320K [0x00000000eab00000, 0x00000000eaf80000, 0x0000000100000000)
  eden space 2048K, 0% used [0x00000000eab00000,0x00000000eab00000,0x00000000ead00000)
  from space 512K, 62% used [0x00000000eaf00000,0x00000000eaf50020,0x00000000eaf80000)
  to   space 512K, 0% used [0x00000000eae80000,0x00000000eae80000,0x00000000eaf00000)
 ParOldGen       total 176640K, used 176386K [0x00000000c0000000, 0x00000000cac80000, 0x00000000eab00000)
  object space 176640K, 99% used [0x00000000c0000000,0x00000000cac40bf0,0x00000000cac80000)
 Metaspace       used 69156K, committed 70592K, reserved 1114112K
  class space    used 7080K, committed 7808K, reserved 1048576K
}
Event: 5365.662 GC heap before
{Heap before GC invocations=629 (full 4):
 PSYoungGen      total 2560K, used 2368K [0x00000000eab00000, 0x00000000eaf80000, 0x0000000100000000)
  eden space 2048K, 100% used [0x00000000eab00000,0x00000000ead00000,0x00000000ead00000)
  from space 512K, 62% used [0x00000000eaf00000,0x00000000eaf50020,0x00000000eaf80000)
  to   space 512K, 0% used [0x00000000eae80000,0x00000000eae80000,0x00000000eaf00000)
 ParOldGen       total 176640K, used 176386K [0x00000000c0000000, 0x00000000cac80000, 0x00000000eab00000)
  object space 176640K, 99% used [0x00000000c0000000,0x00000000cac40bf0,0x00000000cac80000)
 Metaspace       used 69315K, committed 70720K, reserved 1114112K
  class space    used 7127K, committed 7808K, reserved 1048576K
}
Event: 5365.663 GC heap after
{Heap after GC invocations=629 (full 4):
 PSYoungGen      total 2560K, used 224K [0x00000000eab00000, 0x00000000eaf80000, 0x0000000100000000)
  eden space 2048K, 0% used [0x00000000eab00000,0x00000000eab00000,0x00000000ead00000)
  from space 512K, 43% used [0x00000000eae80000,0x00000000eaeb8000,0x00000000eaf00000)
  to   space 512K, 0% used [0x00000000eaf00000,0x00000000eaf00000,0x00000000eaf80000)
 ParOldGen       total 176640K, used 176499K [0x00000000c0000000, 0x00000000cac80000, 0x00000000eab00000)
  object space 176640K, 99% used [0x00000000c0000000,0x00000000cac5cc10,0x00000000cac80000)
 Metaspace       used 69315K, committed 70720K, reserved 1114112K
  class space    used 7127K, committed 7808K, reserved 1048576K
}
Event: 7787.822 GC heap before
{Heap before GC invocations=630 (full 4):
 PSYoungGen      total 2560K, used 2272K [0x00000000eab00000, 0x00000000eaf80000, 0x0000000100000000)
  eden space 2048K, 100% used [0x00000000eab00000,0x00000000ead00000,0x00000000ead00000)
  from space 512K, 43% used [0x00000000eae80000,0x00000000eaeb8000,0x00000000eaf00000)
  to   space 512K, 0% used [0x00000000eaf00000,0x00000000eaf00000,0x00000000eaf80000)
 ParOldGen       total 176640K, used 176499K [0x00000000c0000000, 0x00000000cac80000, 0x00000000eab00000)
  object space 176640K, 99% used [0x00000000c0000000,0x00000000cac5cc10,0x00000000cac80000)
 Metaspace       used 69364K, committed 70720K, reserved 1114112K
  class space    used 7132K, committed 7808K, reserved 1048576K
}
Event: 7788.008 GC heap after
{Heap after GC invocations=630 (full 4):
 PSYoungGen      total 2560K, used 256K [0x00000000eab00000, 0x00000000eaf80000, 0x0000000100000000)
  eden space 2048K, 0% used [0x00000000eab00000,0x00000000eab00000,0x00000000ead00000)
  from space 512K, 50% used [0x00000000eaf00000,0x00000000eaf40000,0x00000000eaf80000)
  to   space 512K, 0% used [0x00000000eae80000,0x00000000eae80000,0x00000000eaf00000)
 ParOldGen       total 176640K, used 176555K [0x00000000c0000000, 0x00000000cac80000, 0x00000000eab00000)
  object space 176640K, 99% used [0x00000000c0000000,0x00000000cac6ac10,0x00000000cac80000)
 Metaspace       used 69364K, committed 70720K, reserved 1114112K
  class space    used 7132K, committed 7808K, reserved 1048576K
}

